<?xml version="1.0" encoding="UTF-8"?>
<!-- Generated by org.testng.reporters.JUnitXMLReporter -->
<testsuite hostname="MKNB770" ignored="0" name="Surefire test" tests="6" failures="0" timestamp="28 Jul 2020 17:59:04 GMT" time="7.59" errors="0">
  <testcase name="testCreateBook on testCreateBook(com.example.library.LibraryTest)" time="6.512" classname="com.example.library.LibraryTest"/>
  <testcase name="testGetAllBooks on testGetAllBooks(com.example.library.LibraryTest)" time="6.767" classname="com.example.library.LibraryTest"/>
  <testcase name="updateBookTest on updateBookTest(com.example.library.service.BookServiceTest)" time="0.154" classname="com.example.library.service.BookServiceTest"/>
  <testcase name="deleteBookTest on deleteBookTest(com.example.library.service.BookServiceTest)" time="0.155" classname="com.example.library.service.BookServiceTest"/>
  <testcase name="addBookTest on addBookTest(com.example.library.service.BookServiceTest)" time="0.156" classname="com.example.library.service.BookServiceTest"/>
  <testcase name="getBooksTest on getBooksTest(com.example.library.service.BookServiceTest)" time="0.158" classname="com.example.library.service.BookServiceTest"/>
</testsuite> <!-- Surefire test -->
