<?xml version="1.0" encoding="UTF-8"?>
<testng-results skipped="0" failed="0" ignored="0" total="6" passed="6">
  <reporter-output>
  </reporter-output>
  <suite name="Surefire suite" duration-ms="7590" started-at="2020-07-28T17:58:56Z" finished-at="2020-07-28T17:59:04Z">
    <groups>
    </groups>
    <test name="Surefire test" duration-ms="7590" started-at="2020-07-28T17:58:56Z" finished-at="2020-07-28T17:59:04Z">
      <class name="com.example.library.LibraryTest">
        <test-method status="PASS" signature="testCreateBook() throws java.lang.Exception" name="testCreateBook" duration-ms="6512" started-at="2020-07-28T23:28:57Z" finished-at="2020-07-28T23:29:03Z">
          <reporter-output>
          </reporter-output>
        </test-method> <!-- testCreateBook -->
        <test-method status="PASS" signature="testGetAllBooks() throws java.lang.Exception" name="testGetAllBooks" duration-ms="6767" started-at="2020-07-28T23:28:57Z" finished-at="2020-07-28T23:29:04Z">
          <reporter-output>
          </reporter-output>
        </test-method> <!-- testGetAllBooks -->
      </class> <!-- com.example.library.LibraryTest -->
      <class name="com.example.library.service.BookServiceTest">
        <test-method status="PASS" signature="getBooksTest()" name="getBooksTest" duration-ms="158" started-at="2020-07-28T23:29:04Z" finished-at="2020-07-28T23:29:04Z">
          <reporter-output>
          </reporter-output>
        </test-method> <!-- getBooksTest -->
        <test-method status="PASS" signature="updateBookTest()" name="updateBookTest" duration-ms="154" started-at="2020-07-28T23:29:04Z" finished-at="2020-07-28T23:29:04Z">
          <reporter-output>
          </reporter-output>
        </test-method> <!-- updateBookTest -->
        <test-method status="PASS" signature="deleteBookTest()" name="deleteBookTest" duration-ms="155" started-at="2020-07-28T23:29:04Z" finished-at="2020-07-28T23:29:04Z">
          <reporter-output>
          </reporter-output>
        </test-method> <!-- deleteBookTest -->
        <test-method status="PASS" signature="addBookTest()" name="addBookTest" duration-ms="156" started-at="2020-07-28T23:29:04Z" finished-at="2020-07-28T23:29:04Z">
          <reporter-output>
          </reporter-output>
        </test-method> <!-- addBookTest -->
      </class> <!-- com.example.library.service.BookServiceTest -->
    </test> <!-- Surefire test -->
  </suite> <!-- Surefire suite -->
</testng-results>
